[2022-07-01 16:59:59] a=1_ans_num=1852_app_feat='res152'_b=1.0_bs=256_dataset='msvd-qa'_drop=0.5_epoch=60_es=False_gpu=2_hd=512_ln=1_lr=0.0001_mot_feat='3dres152'_nfs=False_pa=5_tau=1.0_v='drop0.5-tau1-b1'_wd=512
[2022-07-01 17:01:10] ==>Epoch:[1/60][LR0.0001][Train Loss: 6.1424 CE Loss: 5.8638 KL Loss: 0.0012 KLB Loss: 0.2774 Train acc: 13.73 Val acc: 18.92
[2022-07-01 17:01:50] ==>Epoch:[2/60][LR0.0001][Train Loss: 5.3662 CE Loss: 4.9793 KL Loss: 0.0120 KLB Loss: 0.3748 Train acc: 21.24 Val acc: 21.86
[2022-07-01 17:02:30] ==>Epoch:[3/60][LR0.0001][Train Loss: 5.0230 CE Loss: 4.5680 KL Loss: 0.0266 KLB Loss: 0.4284 Train acc: 25.96 Val acc: 24.77
[2022-07-01 17:03:09] ==>Epoch:[4/60][LR0.0001][Train Loss: 4.7327 CE Loss: 4.2406 KL Loss: 0.0376 KLB Loss: 0.4545 Train acc: 32.07 Val acc: 27.03
[2022-07-01 17:03:49] ==>Epoch:[5/60][LR0.0001][Train Loss: 4.4482 CE Loss: 3.9081 KL Loss: 0.0460 KLB Loss: 0.4942 Train acc: 36.10 Val acc: 28.31
[2022-07-01 17:04:29] ==>Epoch:[6/60][LR0.0001][Train Loss: 4.2451 CE Loss: 3.6630 KL Loss: 0.0516 KLB Loss: 0.5305 Train acc: 39.50 Val acc: 29.71
[2022-07-01 17:05:09] ==>Epoch:[7/60][LR0.0001][Train Loss: 4.0962 CE Loss: 3.4850 KL Loss: 0.0537 KLB Loss: 0.5575 Train acc: 42.48 Val acc: 29.99
[2022-07-01 17:05:48] ==>Epoch:[8/60][LR0.0001][Train Loss: 3.9679 CE Loss: 3.3357 KL Loss: 0.0570 KLB Loss: 0.5753 Train acc: 44.67 Val acc: 30.65
[2022-07-01 17:06:28] ==>Epoch:[9/60][LR0.0001][Train Loss: 3.8550 CE Loss: 3.2048 KL Loss: 0.0577 KLB Loss: 0.5926 Train acc: 46.99 Val acc: 31.63
[2022-07-01 17:07:07] ==>Epoch:[10/60][LR0.0001][Train Loss: 3.7562 CE Loss: 3.0886 KL Loss: 0.0610 KLB Loss: 0.6066 Train acc: 49.36 Val acc: 30.96
[2022-07-01 17:07:46] ==>Epoch:[11/60][LR0.0001][Train Loss: 3.6647 CE Loss: 2.9870 KL Loss: 0.0616 KLB Loss: 0.6161 Train acc: 51.43 Val acc: 31.61
[2022-07-01 17:08:26] ==>Epoch:[12/60][LR0.0001][Train Loss: 3.5756 CE Loss: 2.8833 KL Loss: 0.0623 KLB Loss: 0.6300 Train acc: 53.28 Val acc: 32.88
[2022-07-01 17:09:06] ==>Epoch:[13/60][LR0.0001][Train Loss: 3.4988 CE Loss: 2.7962 KL Loss: 0.0636 KLB Loss: 0.6391 Train acc: 55.13 Val acc: 33.48
[2022-07-01 17:09:46] ==>Epoch:[14/60][LR0.0001][Train Loss: 3.4263 CE Loss: 2.7139 KL Loss: 0.0629 KLB Loss: 0.6494 Train acc: 56.58 Val acc: 33.53
[2022-07-01 17:10:25] ==>Epoch:[15/60][LR0.0001][Train Loss: 3.3661 CE Loss: 2.6445 KL Loss: 0.0644 KLB Loss: 0.6572 Train acc: 57.58 Val acc: 34.28
[2022-07-01 17:11:04] ==>Epoch:[16/60][LR0.0001][Train Loss: 3.3008 CE Loss: 2.5729 KL Loss: 0.0637 KLB Loss: 0.6643 Train acc: 59.00 Val acc: 34.15
[2022-07-01 17:11:44] ==>Epoch:[17/60][LR0.0001][Train Loss: 3.2604 CE Loss: 2.5253 KL Loss: 0.0664 KLB Loss: 0.6687 Train acc: 59.67 Val acc: 34.36
[2022-07-01 17:12:24] ==>Epoch:[18/60][LR0.0001][Train Loss: 3.2045 CE Loss: 2.4613 KL Loss: 0.0646 KLB Loss: 0.6786 Train acc: 60.88 Val acc: 34.37
[2022-07-01 17:13:03] ==>Epoch:[19/60][LR0.0001][Train Loss: 3.1596 CE Loss: 2.4114 KL Loss: 0.0662 KLB Loss: 0.6820 Train acc: 61.65 Val acc: 35.29
[2022-07-01 17:13:42] ==>Epoch:[20/60][LR0.0001][Train Loss: 3.1188 CE Loss: 2.3646 KL Loss: 0.0662 KLB Loss: 0.6881 Train acc: 62.34 Val acc: 34.76
[2022-07-01 17:14:22] ==>Epoch:[21/60][LR0.0001][Train Loss: 3.0747 CE Loss: 2.3149 KL Loss: 0.0658 KLB Loss: 0.6941 Train acc: 63.40 Val acc: 35.53
[2022-07-01 17:15:01] ==>Epoch:[22/60][LR0.0001][Train Loss: 3.0370 CE Loss: 2.2727 KL Loss: 0.0661 KLB Loss: 0.6983 Train acc: 64.07 Val acc: 34.64
[2022-07-01 17:15:41] ==>Epoch:[23/60][LR0.0001][Train Loss: 3.0036 CE Loss: 2.2362 KL Loss: 0.0659 KLB Loss: 0.7014 Train acc: 64.72 Val acc: 34.50
[2022-07-01 17:16:20] ==>Epoch:[24/60][LR0.0001][Train Loss: 2.9762 CE Loss: 2.2047 KL Loss: 0.0671 KLB Loss: 0.7045 Train acc: 65.31 Val acc: 34.12
[2022-07-01 17:16:59] ==>Epoch:[25/60][LR0.0001][Train Loss: 2.9438 CE Loss: 2.1701 KL Loss: 0.0661 KLB Loss: 0.7076 Train acc: 65.54 Val acc: 34.86
[2022-07-01 17:17:38] ==>Epoch:[26/60][LR0.0001][Train Loss: 2.9096 CE Loss: 2.1334 KL Loss: 0.0654 KLB Loss: 0.7109 Train acc: 66.12 Val acc: 35.48
[2022-07-01 17:18:18] ==>Epoch:[27/60][LR0.0001][Train Loss: 2.8815 CE Loss: 2.1021 KL Loss: 0.0659 KLB Loss: 0.7135 Train acc: 66.67 Val acc: 35.76
[2022-07-01 17:18:57] ==>Epoch:[28/60][LR0.0001][Train Loss: 2.8603 CE Loss: 2.0808 KL Loss: 0.0653 KLB Loss: 0.7143 Train acc: 66.97 Val acc: 35.07
[2022-07-01 17:19:36] ==>Epoch:[29/60][LR0.0001][Train Loss: 2.8419 CE Loss: 2.0572 KL Loss: 0.0658 KLB Loss: 0.7189 Train acc: 67.40 Val acc: 34.37
[2022-07-01 17:20:15] ==>Epoch:[30/60][LR0.0001][Train Loss: 2.8088 CE Loss: 2.0237 KL Loss: 0.0647 KLB Loss: 0.7204 Train acc: 67.89 Val acc: 33.97
[2022-07-01 17:20:54] ==>Epoch:[31/60][LR0.0001][Train Loss: 2.7926 CE Loss: 2.0067 KL Loss: 0.0658 KLB Loss: 0.7201 Train acc: 68.06 Val acc: 35.62
[2022-07-01 17:21:33] ==>Epoch:[32/60][LR0.0001][Train Loss: 2.7714 CE Loss: 1.9833 KL Loss: 0.0654 KLB Loss: 0.7227 Train acc: 68.28 Val acc: 35.32
[2022-07-01 17:22:13] ==>Epoch:[33/60][LR5e-05][Train Loss: 2.7470 CE Loss: 1.9601 KL Loss: 0.0641 KLB Loss: 0.7228 Train acc: 68.83 Val acc: 35.54
[2022-07-01 17:22:52] ==>Epoch:[34/60][LR5e-05][Train Loss: 2.6907 CE Loss: 1.8977 KL Loss: 0.0619 KLB Loss: 0.7311 Train acc: 69.88 Val acc: 36.29
[2022-07-01 17:23:31] ==>Epoch:[35/60][LR5e-05][Train Loss: 2.6657 CE Loss: 1.8713 KL Loss: 0.0612 KLB Loss: 0.7333 Train acc: 70.32 Val acc: 36.12
[2022-07-01 17:24:12] ==>Epoch:[36/60][LR5e-05][Train Loss: 2.6557 CE Loss: 1.8608 KL Loss: 0.0624 KLB Loss: 0.7326 Train acc: 70.51 Val acc: 36.46
[2022-07-01 17:24:51] ==>Epoch:[37/60][LR5e-05][Train Loss: 2.6437 CE Loss: 1.8486 KL Loss: 0.0618 KLB Loss: 0.7334 Train acc: 70.56 Val acc: 35.49
[2022-07-01 17:25:31] ==>Epoch:[38/60][LR5e-05][Train Loss: 2.6343 CE Loss: 1.8372 KL Loss: 0.0628 KLB Loss: 0.7342 Train acc: 70.78 Val acc: 35.68
[2022-07-01 17:26:11] ==>Epoch:[39/60][LR5e-05][Train Loss: 2.6231 CE Loss: 1.8270 KL Loss: 0.0617 KLB Loss: 0.7344 Train acc: 71.16 Val acc: 35.71
[2022-07-01 17:26:50] ==>Epoch:[40/60][LR5e-05][Train Loss: 2.6121 CE Loss: 1.8161 KL Loss: 0.0618 KLB Loss: 0.7342 Train acc: 71.13 Val acc: 35.73
[2022-07-01 17:27:29] ==>Epoch:[41/60][LR5e-05][Train Loss: 2.6028 CE Loss: 1.8063 KL Loss: 0.0624 KLB Loss: 0.7341 Train acc: 71.38 Val acc: 35.99
[2022-07-01 17:28:07] ==>Epoch:[42/60][LR2.5e-05][Train Loss: 2.5925 CE Loss: 1.7945 KL Loss: 0.0618 KLB Loss: 0.7363 Train acc: 71.34 Val acc: 36.37
[2022-07-01 17:28:47] ==>Epoch:[43/60][LR2.5e-05][Train Loss: 2.5650 CE Loss: 1.7649 KL Loss: 0.0607 KLB Loss: 0.7395 Train acc: 71.92 Val acc: 36.23
[2022-07-01 17:29:26] ==>Epoch:[44/60][LR2.5e-05][Train Loss: 2.5543 CE Loss: 1.7538 KL Loss: 0.0606 KLB Loss: 0.7400 Train acc: 72.03 Val acc: 35.82
[2022-07-01 17:30:06] ==>Epoch:[45/60][LR2.5e-05][Train Loss: 2.5476 CE Loss: 1.7483 KL Loss: 0.0599 KLB Loss: 0.7395 Train acc: 72.35 Val acc: 36.31
[2022-07-01 17:30:45] ==>Epoch:[46/60][LR2.5e-05][Train Loss: 2.5407 CE Loss: 1.7408 KL Loss: 0.0605 KLB Loss: 0.7394 Train acc: 72.51 Val acc: 36.09
[2022-07-01 17:31:24] ==>Epoch:[47/60][LR2.5e-05][Train Loss: 2.5369 CE Loss: 1.7371 KL Loss: 0.0596 KLB Loss: 0.7401 Train acc: 72.35 Val acc: 36.46
[2022-07-01 17:32:04] ==>Epoch:[48/60][LR2.5e-05][Train Loss: 2.5304 CE Loss: 1.7298 KL Loss: 0.0599 KLB Loss: 0.7407 Train acc: 72.56 Val acc: 36.48
[2022-07-01 17:32:43] ==>Epoch:[49/60][LR2.5e-05][Train Loss: 2.5243 CE Loss: 1.7248 KL Loss: 0.0606 KLB Loss: 0.7389 Train acc: 72.72 Val acc: 36.27
[2022-07-01 17:33:22] ==>Epoch:[50/60][LR2.5e-05][Train Loss: 2.5210 CE Loss: 1.7195 KL Loss: 0.0612 KLB Loss: 0.7403 Train acc: 72.94 Val acc: 35.93
[2022-07-01 17:34:02] ==>Epoch:[51/60][LR2.5e-05][Train Loss: 2.5141 CE Loss: 1.7120 KL Loss: 0.0610 KLB Loss: 0.7411 Train acc: 73.09 Val acc: 36.27
[2022-07-01 17:34:40] ==>Epoch:[52/60][LR2.5e-05][Train Loss: 2.5122 CE Loss: 1.7114 KL Loss: 0.0602 KLB Loss: 0.7406 Train acc: 72.87 Val acc: 35.59
[2022-07-01 17:35:20] ==>Epoch:[53/60][LR2.5e-05][Train Loss: 2.5037 CE Loss: 1.7021 KL Loss: 0.0605 KLB Loss: 0.7412 Train acc: 73.11 Val acc: 36.38
[2022-07-01 17:35:59] ==>Epoch:[54/60][LR1.25e-05][Train Loss: 2.5015 CE Loss: 1.6993 KL Loss: 0.0610 KLB Loss: 0.7413 Train acc: 73.21 Val acc: 36.41
[2022-07-01 17:36:38] ==>Epoch:[55/60][LR1.25e-05][Train Loss: 2.4863 CE Loss: 1.6837 KL Loss: 0.0600 KLB Loss: 0.7426 Train acc: 73.34 Val acc: 36.12
[2022-07-01 17:37:17] ==>Epoch:[56/60][LR1.25e-05][Train Loss: 2.4825 CE Loss: 1.6795 KL Loss: 0.0609 KLB Loss: 0.7421 Train acc: 73.49 Val acc: 36.10
[2022-07-01 17:37:57] ==>Epoch:[57/60][LR1.25e-05][Train Loss: 2.4785 CE Loss: 1.6736 KL Loss: 0.0596 KLB Loss: 0.7452 Train acc: 73.67 Val acc: 36.51
[2022-07-01 17:38:37] ==>Epoch:[58/60][LR1.25e-05][Train Loss: 2.4767 CE Loss: 1.6736 KL Loss: 0.0599 KLB Loss: 0.7432 Train acc: 73.64 Val acc: 36.74
[2022-07-01 17:39:17] ==>Epoch:[59/60][LR1.25e-05][Train Loss: 2.4748 CE Loss: 1.6729 KL Loss: 0.0600 KLB Loss: 0.7419 Train acc: 73.61 Val acc: 36.70
[2022-07-01 17:39:56] ==>Epoch:[60/60][LR1.25e-05][Train Loss: 2.4690 CE Loss: 1.6656 KL Loss: 0.0601 KLB Loss: 0.7433 Train acc: 73.73 Val acc: 35.99
[2022-07-01 17:39:56] Epoch 58 Best Val acc36.74
[2022-07-01 17:40:03] Test acc41.42 on 58 epoch
